2016-04-23 03:26:55 deinitializing
2016-04-23 03:26:55 Waiting for main to terminate...
2016-04-23 03:26:57 Waiting for client threads to terminate...
2016-04-23 03:26:57 Logfile cache: flushing complete cache.
2016-04-23 03:29:29 deinitializing
2016-04-23 03:29:29 Waiting for main to terminate...
2016-04-23 03:29:31 Waiting for client threads to terminate...
2016-04-23 03:29:31 error: Client connection terminated while request still incomplete
2016-04-23 03:29:31 Logfile cache: flushing complete cache.
2016-04-23 03:30:34 deinitializing
2016-04-23 03:30:34 Waiting for main to terminate...
2016-04-23 03:30:36 Waiting for client threads to terminate...
2016-04-23 03:30:36 Logfile cache: flushing complete cache.
2016-04-23 03:31:11 deinitializing
2016-04-23 03:31:11 Waiting for main to terminate...
2016-04-23 03:31:12 Waiting for client threads to terminate...
2016-04-23 03:31:12 Logfile cache: flushing complete cache.
2016-04-23 03:33:09 deinitializing
2016-04-23 03:33:09 Waiting for main to terminate...
2016-04-23 03:33:11 Waiting for client threads to terminate...
2016-04-23 03:33:11 Logfile cache: flushing complete cache.
2016-04-23 03:35:16 deinitializing
2016-04-23 03:35:16 Waiting for main to terminate...
2016-04-23 03:35:18 Waiting for client threads to terminate...
2016-04-23 03:35:18 Logfile cache: flushing complete cache.
2016-04-23 03:36:30 deinitializing
2016-04-23 03:36:30 Waiting for main to terminate...
2016-04-23 03:36:31 Waiting for client threads to terminate...
2016-04-23 03:36:31 Logfile cache: flushing complete cache.
2016-04-23 04:42:35 deinitializing
2016-04-23 04:42:35 Waiting for main to terminate...
2016-04-23 04:42:35 Waiting for client threads to terminate...
2016-04-23 04:42:35 Logfile cache: flushing complete cache.
2016-04-23 04:43:42 deinitializing
2016-04-23 04:43:42 Waiting for main to terminate...
2016-04-23 04:43:44 Waiting for client threads to terminate...
2016-04-23 04:43:44 Logfile cache: flushing complete cache.
2016-04-23 04:44:29 deinitializing
2016-04-23 04:44:29 Waiting for main to terminate...
2016-04-23 04:44:30 Waiting for client threads to terminate...
2016-04-23 04:44:30 Logfile cache: flushing complete cache.
2016-04-23 04:45:11 deinitializing
2016-04-23 04:45:11 Waiting for main to terminate...
2016-04-23 04:45:13 Waiting for client threads to terminate...
2016-04-23 04:45:13 Logfile cache: flushing complete cache.
2016-04-23 04:45:42 deinitializing
2016-04-23 04:45:42 Waiting for main to terminate...
2016-04-23 04:45:44 Waiting for client threads to terminate...
2016-04-23 04:45:44 Logfile cache: flushing complete cache.
2016-04-23 04:48:41 deinitializing
2016-04-23 04:48:41 Waiting for main to terminate...
2016-04-23 04:48:42 Waiting for client threads to terminate...
2016-04-23 04:48:42 Logfile cache: flushing complete cache.
2016-04-23 04:49:04 deinitializing
2016-04-23 04:49:04 Waiting for main to terminate...
2016-04-23 04:49:05 Waiting for client threads to terminate...
2016-04-23 04:49:05 Logfile cache: flushing complete cache.
2016-04-23 04:49:23 deinitializing
2016-04-23 04:49:23 Waiting for main to terminate...
2016-04-23 04:49:25 Waiting for client threads to terminate...
2016-04-23 04:49:25 Logfile cache: flushing complete cache.
2016-04-23 04:49:49 deinitializing
2016-04-23 04:49:49 Waiting for main to terminate...
2016-04-23 04:49:51 Waiting for client threads to terminate...
2016-04-23 04:49:51 Logfile cache: flushing complete cache.
2016-04-23 04:51:09 deinitializing
2016-04-23 04:51:09 Waiting for main to terminate...
2016-04-23 04:51:10 Waiting for client threads to terminate...
2016-04-23 04:51:10 error: Client connection terminated while request still incomplete
2016-04-23 04:51:10 Logfile cache: flushing complete cache.
2016-04-23 04:52:02 deinitializing
2016-04-23 04:52:02 Waiting for main to terminate...
2016-04-23 04:52:04 Waiting for client threads to terminate...
2016-04-23 04:52:04 Logfile cache: flushing complete cache.
2016-04-23 04:52:26 deinitializing
2016-04-23 04:52:26 Waiting for main to terminate...
2016-04-23 04:52:28 Waiting for client threads to terminate...
2016-04-23 04:52:28 Logfile cache: flushing complete cache.
2016-04-23 04:52:50 deinitializing
2016-04-23 04:52:50 Waiting for main to terminate...
2016-04-23 04:52:52 Waiting for client threads to terminate...
2016-04-23 04:52:52 Logfile cache: flushing complete cache.
2016-04-23 04:53:20 deinitializing
2016-04-23 04:53:20 Waiting for main to terminate...
2016-04-23 04:53:21 Waiting for client threads to terminate...
2016-04-23 04:53:21 Logfile cache: flushing complete cache.
2016-04-23 05:03:00 deinitializing
2016-04-23 05:03:00 Waiting for main to terminate...
2016-04-23 05:03:01 Waiting for client threads to terminate...
2016-04-23 05:03:01 Logfile cache: flushing complete cache.
2016-04-23 05:04:28 deinitializing
2016-04-23 05:04:28 Waiting for main to terminate...
2016-04-23 05:04:30 Waiting for client threads to terminate...
2016-04-23 05:04:30 Logfile cache: flushing complete cache.
2016-04-23 05:06:47 deinitializing
2016-04-23 05:06:47 Waiting for main to terminate...
2016-04-23 05:06:48 Waiting for client threads to terminate...
2016-04-23 05:06:48 Logfile cache: flushing complete cache.
2016-04-23 05:08:15 deinitializing
2016-04-23 05:08:15 Waiting for main to terminate...
2016-04-23 05:08:17 Waiting for client threads to terminate...
2016-04-23 05:08:17 Logfile cache: flushing complete cache.
2016-04-23 05:09:04 deinitializing
2016-04-23 05:09:04 Waiting for main to terminate...
2016-04-23 05:09:07 Waiting for client threads to terminate...
2016-04-23 05:09:07 Logfile cache: flushing complete cache.
2016-04-23 05:10:55 deinitializing
2016-04-23 05:10:55 Waiting for main to terminate...
2016-04-23 05:10:57 Waiting for client threads to terminate...
2016-04-23 05:10:57 Logfile cache: flushing complete cache.
2016-04-23 05:11:33 deinitializing
2016-04-23 05:11:33 Waiting for main to terminate...
2016-04-23 05:11:34 Waiting for client threads to terminate...
2016-04-23 05:11:34 Logfile cache: flushing complete cache.
2016-04-23 05:12:31 deinitializing
2016-04-23 05:12:31 Waiting for main to terminate...
2016-04-23 05:12:33 Waiting for client threads to terminate...
2016-04-23 05:12:33 Logfile cache: flushing complete cache.
